Crashlog created at 2014-01-15 15:57:55 -0800

===== MESSAGE:

SyntaxError: item /contact/ (rep default):4: syntax error, unexpected ';', expecting ')'
...p>+1 310 651 6348</p>" ).to_s); _erbout.concat "  \n<!--  \n...
...                               ^

===== COMPILATION STACK:

  (empty)

===== STACK TRACE:

  0. /Users/ddoc/.rvm/rubies/ruby-1.9.3-p448/lib/ruby/1.9.1/erb.rb:838:in `eval'
  1. /Users/ddoc/.rvm/rubies/ruby-1.9.3-p448/lib/ruby/1.9.1/erb.rb:838:in `result'
  2. /Users/ddoc/.rvm/gems/ruby-1.9.3-p448/gems/nanoc-3.6.7/lib/nanoc/filters/erb.rb:34:in `run'
  3. /Users/ddoc/.rvm/gems/ruby-1.9.3-p448/gems/nanoc-3.6.7/lib/nanoc/base/compilation/filter.rb:122:in `setup_and_run'
  4. /Users/ddoc/.rvm/gems/ruby-1.9.3-p448/gems/nanoc-3.6.7/lib/nanoc/base/result_data/item_rep.rb:344:in `filter'
  5. /Users/ddoc/.rvm/gems/ruby-1.9.3-p448/gems/nanoc-3.6.7/lib/nanoc/base/compilation/item_rep_proxy.rb:47:in `filter'
  6. /Users/ddoc/.rvm/gems/ruby-1.9.3-p448/gems/nanoc-3.6.7/lib/nanoc/base/compilation/rule_context.rb:55:in `filter'
  7. ./Rules:53:in `block in load'
  8. /Users/ddoc/.rvm/gems/ruby-1.9.3-p448/gems/nanoc-3.6.7/lib/nanoc/base/compilation/rule.rb:68:in `instance_eval'
  9. /Users/ddoc/.rvm/gems/ruby-1.9.3-p448/gems/nanoc-3.6.7/lib/nanoc/base/compilation/rule.rb:68:in `apply_to'
  10. /Users/ddoc/.rvm/gems/ruby-1.9.3-p448/gems/nanoc-3.6.7/lib/nanoc/base/compilation/compiler.rb:384:in `compile_rep'
  11. /Users/ddoc/.rvm/gems/ruby-1.9.3-p448/gems/nanoc-3.6.7/lib/nanoc/base/compilation/compiler.rb:340:in `block in compile_reps'
  12. /Users/ddoc/.rvm/gems/ruby-1.9.3-p448/gems/nanoc-3.6.7/lib/nanoc/base/compilation/compiler.rb:333:in `loop'
  13. /Users/ddoc/.rvm/gems/ruby-1.9.3-p448/gems/nanoc-3.6.7/lib/nanoc/base/compilation/compiler.rb:333:in `compile_reps'
  14. /Users/ddoc/.rvm/gems/ruby-1.9.3-p448/gems/nanoc-3.6.7/lib/nanoc/base/compilation/compiler.rb:89:in `run'
  15. /Users/ddoc/.rvm/gems/ruby-1.9.3-p448/gems/nanoc-3.6.7/lib/nanoc/base/source_data/site.rb:58:in `compile'
  16. /Users/ddoc/.rvm/gems/ruby-1.9.3-p448/gems/guard-nanoc-1.0.2/lib/guard/nanoc.rb:65:in `block in recompile'
  17. /Users/ddoc/.rvm/gems/ruby-1.9.3-p448/gems/guard-nanoc-1.0.2/lib/guard/nanoc.rb:63:in `chdir'
  18. /Users/ddoc/.rvm/gems/ruby-1.9.3-p448/gems/guard-nanoc-1.0.2/lib/guard/nanoc.rb:63:in `recompile'
  19. /Users/ddoc/.rvm/gems/ruby-1.9.3-p448/gems/guard-nanoc-1.0.2/lib/guard/nanoc.rb:28:in `run_on_changes'
  20. /Users/ddoc/.rvm/gems/ruby-1.9.3-p448/gems/guard-2.2.5/lib/guard/runner.rb:67:in `block in run_supervised_task'
  21. /Users/ddoc/.rvm/gems/ruby-1.9.3-p448/gems/guard-2.2.5/lib/guard/runner.rb:65:in `catch'
  22. /Users/ddoc/.rvm/gems/ruby-1.9.3-p448/gems/guard-2.2.5/lib/guard/runner.rb:65:in `run_supervised_task'
  23. /Users/ddoc/.rvm/gems/ruby-1.9.3-p448/gems/guard-2.2.5/lib/guard/runner.rb:109:in `block in _run_first_task_found'
  24. /Users/ddoc/.rvm/gems/ruby-1.9.3-p448/gems/guard-2.2.5/lib/guard/runner.rb:107:in `each'
  25. /Users/ddoc/.rvm/gems/ruby-1.9.3-p448/gems/guard-2.2.5/lib/guard/runner.rb:107:in `_run_first_task_found'
  26. /Users/ddoc/.rvm/gems/ruby-1.9.3-p448/gems/guard-2.2.5/lib/guard/runner.rb:47:in `block in run_on_changes'
  27. /Users/ddoc/.rvm/gems/ruby-1.9.3-p448/gems/guard-2.2.5/lib/guard/runner.rb:140:in `block (3 levels) in _scoped_plugins'
  28. /Users/ddoc/.rvm/gems/ruby-1.9.3-p448/gems/guard-2.2.5/lib/guard/runner.rb:138:in `each'
  29. /Users/ddoc/.rvm/gems/ruby-1.9.3-p448/gems/guard-2.2.5/lib/guard/runner.rb:138:in `block (2 levels) in _scoped_plugins'
  30. /Users/ddoc/.rvm/gems/ruby-1.9.3-p448/gems/guard-2.2.5/lib/guard/runner.rb:137:in `catch'
  31. /Users/ddoc/.rvm/gems/ruby-1.9.3-p448/gems/guard-2.2.5/lib/guard/runner.rb:137:in `block in _scoped_plugins'
  32. /Users/ddoc/.rvm/gems/ruby-1.9.3-p448/gems/guard-2.2.5/lib/guard/runner.rb:135:in `each'
  33. /Users/ddoc/.rvm/gems/ruby-1.9.3-p448/gems/guard-2.2.5/lib/guard/runner.rb:135:in `_scoped_plugins'
  34. /Users/ddoc/.rvm/gems/ruby-1.9.3-p448/gems/guard-2.2.5/lib/guard/runner.rb:40:in `run_on_changes'
  35. /Users/ddoc/.rvm/gems/ruby-1.9.3-p448/gems/guard-2.2.5/lib/guard/setuper.rb:189:in `block (2 levels) in _setup_listener'
  36. /Users/ddoc/.rvm/gems/ruby-1.9.3-p448/gems/guard-2.2.5/lib/guard/commander.rb:108:in `block in within_preserved_state'
  37. <internal:prelude>:10:in `synchronize'
  38. /Users/ddoc/.rvm/gems/ruby-1.9.3-p448/gems/guard-2.2.5/lib/guard/commander.rb:105:in `within_preserved_state'
  39. /Users/ddoc/.rvm/gems/ruby-1.9.3-p448/gems/guard-2.2.5/lib/guard/setuper.rb:188:in `block in _setup_listener'
  40. /Users/ddoc/.rvm/gems/ruby-1.9.3-p448/gems/listen-2.4.0/lib/listen/listener.rb:150:in `call'
  41. /Users/ddoc/.rvm/gems/ruby-1.9.3-p448/gems/listen-2.4.0/lib/listen/listener.rb:150:in `block in _wait_for_changes'
  42. /Users/ddoc/.rvm/gems/ruby-1.9.3-p448/gems/listen-2.4.0/lib/listen/listener.rb:145:in `loop'
  43. /Users/ddoc/.rvm/gems/ruby-1.9.3-p448/gems/listen-2.4.0/lib/listen/listener.rb:145:in `_wait_for_changes'
  ... 46 more lines omitted. See full crash log for details.

===== VERSION INFORMATION:

nanoc 3.6.7 © 2007-2013 Denis Defreyne.
Running ruby 1.9.3 (2013-06-27) on x86_64-darwin12.5.0 with RubyGems 1.8.23.

===== SYSTEM INFORMATION:

Darwin Brians-MacBook-Air.local 13.0.0 Darwin Kernel Version 13.0.0: Thu Sep 19 22:22:27 PDT 2013; root:xnu-2422.1.72~6/RELEASE_X86_64 x86_64

===== INSTALLED GEMS:

  adsf 1.2.0
  atk 2.0.2
  aws-sdk 1.31.3
  backup 3.10.0
  bluecloth 2.2.0
  builder 3.2.2
  celluloid 0.15.2
  chunky_png 1.2.9
  cmdparse 2.0.5
  coderay 1.1.0
  colored 1.2
  compass 0.12.2
  cri 2.4.1
  dropbox-sdk 1.5.1
  excon 0.25.3
  faraday 0.8.7
  ffi 1.9.3
  fog 1.13.0
  formatador 0.2.4
  fssm 0.2.10
  glib2 2.0.2
  guard 2.2.5
  guard-nanoc 1.0.2
  hipchat 0.11.0
  httparty 0.11.0
  jgrep 1.3.3
  json 1.8.0, 1.8.1
  json_pure 1.8.1
  kramdown 1.3.0
  listen 2.4.0
  lumberjack 1.0.4
  lunchy 0.7.0
  mail 2.5.4
  method_source 0.8.2
  mime-types 1.23
  mini_portile 0.5.2
  multi_json 1.7.7
  multi_xml 0.5.4
  multipart-post 1.2.0
  nanoc 3.6.7
  net-scp 1.1.2
  net-sftp 2.1.2
  net-ssh 2.6.8
  nokogiri 1.5.10
  open4 1.3.0
  pkg-config 1.1.4
  polyglot 0.3.3
  pry 0.9.12.4
  rack 1.5.2
  rb-fsevent 0.9.4
  rb-inotify 0.9.3
  ruby-hmac 0.4.0
  rvm 1.11.3.8
  s3sync 2.0.0
  sass 3.2.13
  simple_oauth 0.2.0
  slop 3.4.7
  thor 0.18.1
  timers 1.1.0
  tins 0.12.0
  treetop 1.4.14
  twitter 4.8.1
  uuidtools 2.1.4

===== ENVIRONMENT:

ANDROID_SDK_ROOT => "/usr/local/Cellar/android-sdk/r18"
Apple_PubSub_Socket_Render => "/tmp/launch-RzkN8k/Render"
CFLAGS => "-O2 -arch x86_64"
COLUMNS => "128"
CPPFLAGS => "-I/usr/local/include"
DISPLAY => "/tmp/launch-WIG0Fe/org.macosforge.xquartz:0"
EC2_AMITOOL_HOME => "/usr/local/Library/LinkedKegs/ec2-ami-tools/jars"
EC2_CERT => "/Users/ddoc/.ec2/cert-32B4XOQXA2UJ3UJKPQDBD5CJ5OKDJYCF.pem"
EC2_HOME => "/usr/local/Library/LinkedKegs/ec2-api-tools/jars"
EC2_PRIVATE_KEY => "/Users/ddoc/.ec2/pk-4UPEPUDM42CU4FJV2MZYVAN74S73NNLP.pem"
EDITOR => "/usr/local/bin/mvim -f"
GEM_HOME => "/Users/ddoc/.rvm/gems/ruby-1.9.3-p448"
GEM_PATH => "/Users/ddoc/.rvm/gems/ruby-1.9.3-p448:/Users/ddoc/.rvm/gems/ruby-1.9.3-p448@global"
GOPATH => "/Users/ddoc/go"
GUARD_NOTIFIERS => "---\n- :name: :terminal_title\n  :options:\n    :silent: true\n"
GUARD_NOTIFY => "true"
HOME => "/Users/ddoc"
IRBRC => "/Users/ddoc/.rvm/rubies/ruby-1.9.3-p448/.irbrc"
JAVA_HOME => "/Library/Java/JavaVirtualMachines/jdk1.7.0_25.jdk/Contents/Home"
LANG => "en_US.UTF-8"
LDFLAGS => "-L/usr/local/lib"
LINES => "35"
LOGNAME => "ddoc"
MANPATH => "/usr/local/share/man:"
MY_RUBY_HOME => "/Users/ddoc/.rvm/rubies/ruby-1.9.3-p448"
NODE_PATH => "/usr/local/lib/node_modules"
OLDPWD => "/Users/ddoc/Documents/dd0c.com/content"
P4CLIENT => "macbook-bgalura"
P4PASSWD => "citrix-012"
P4PORT => "perforce.ops.expertcity.com:1666"
P4USER => "bgalura"
PATH => "/Users/ddoc/.rvm/gems/ruby-1.9.3-p448/bin:/Users/ddoc/.rvm/gems/ruby-1.9.3-p448@global/bin:/Users/ddoc/.rvm/rubies/ruby-1.9.3-p448/bin:/Users/ddoc/.rvm/bin:/Users/ddoc/bin:/usr/local/bin:/usr/local/sbin:/usr/bin:/bin:/usr/sbin:/sbin:/usr/local/bin"
PWD => "/Users/ddoc/Documents/dd0c.com"
RUBY_VERSION => "ruby-1.9.3-p448"
SHELL => "/bin/bash"
SHLVL => "1"
SSH_AUTH_SOCK => "/tmp/launch-zgHMi3/Listeners"
TERM => "ansi"
TERM_PROGRAM => "Apple_Terminal"
TERM_PROGRAM_VERSION => "326"
TERM_SESSION_ID => "1EEF2467-BD4D-4A18-97CC-513AB8314B6D"
TMPDIR => "/var/folders/8v/6ccgqqhx1qs4b9xwpnbcxs1c0000gn/T/"
USER => "ddoc"
_ => "/Users/ddoc/.rvm/gems/ruby-1.9.3-p448/bin/guard"
__CF_USER_TEXT_ENCODING => "0x1F5:0:0"
__CHECKFIX1436934 => "1"
_system_arch => "x86_64"
_system_name => "OSX"
_system_type => "Darwin"
_system_version => "10.9"
rvm_bin_path => "/Users/ddoc/.rvm/bin"
rvm_path => "/Users/ddoc/.rvm"
rvm_prefix => "/Users/ddoc"
rvm_version => "1.23.13 (stable)"

===== LOAD PATHS:

  0. /Users/ddoc/.rvm/gems/ruby-1.9.3-p448/gems/thor-0.18.1/lib
  1. /Users/ddoc/.rvm/gems/ruby-1.9.3-p448/gems/timers-1.1.0/lib
  2. /Users/ddoc/.rvm/gems/ruby-1.9.3-p448/gems/celluloid-0.15.2/lib
  3. /Users/ddoc/.rvm/gems/ruby-1.9.3-p448/gems/rb-fsevent-0.9.4/lib
  4. /Users/ddoc/.rvm/gems/ruby-1.9.3-p448/gems/ffi-1.9.3/lib
  5. /Users/ddoc/.rvm/gems/ruby-1.9.3-p448/gems/ffi-1.9.3/ext/ffi_c
  6. /Users/ddoc/.rvm/gems/ruby-1.9.3-p448/gems/rb-inotify-0.9.3/lib
  7. /Users/ddoc/.rvm/gems/ruby-1.9.3-p448/gems/listen-2.4.0/lib
  8. /Users/ddoc/.rvm/gems/ruby-1.9.3-p448/gems/coderay-1.1.0/lib
  9. /Users/ddoc/.rvm/gems/ruby-1.9.3-p448/gems/slop-3.4.7/lib
  10. /Users/ddoc/.rvm/gems/ruby-1.9.3-p448/gems/method_source-0.8.2/lib
  11. /Users/ddoc/.rvm/gems/ruby-1.9.3-p448/gems/pry-0.9.12.4/lib
  12. /Users/ddoc/.rvm/gems/ruby-1.9.3-p448/gems/lumberjack-1.0.4/lib
  13. /Users/ddoc/.rvm/gems/ruby-1.9.3-p448/gems/formatador-0.2.4/lib
  14. /Users/ddoc/.rvm/gems/ruby-1.9.3-p448/gems/guard-2.2.5/lib
  15. /Users/ddoc/.rvm/gems/ruby-1.9.3-p448/gems/colored-1.2/lib
  16. /Users/ddoc/.rvm/gems/ruby-1.9.3-p448/gems/cri-2.4.1/lib
  17. /Users/ddoc/.rvm/gems/ruby-1.9.3-p448/gems/nanoc-3.6.7/lib
  18. /Users/ddoc/.rvm/gems/ruby-1.9.3-p448/gems/guard-nanoc-1.0.2/lib
  19. /Users/ddoc/.rvm/gems/ruby-1.9.3-p448/gems/sass-3.2.13/lib
  20. /Users/ddoc/.rvm/gems/ruby-1.9.3-p448/gems/chunky_png-1.2.9/lib
  21. /Users/ddoc/.rvm/gems/ruby-1.9.3-p448/gems/fssm-0.2.10/lib
  22. /Users/ddoc/.rvm/gems/ruby-1.9.3-p448/gems/compass-0.12.2/lib
  23. /Users/ddoc/.rvm/gems/ruby-1.9.3-p448/gems/kramdown-1.3.0/lib
  24. /Users/ddoc/.rvm/rubies/ruby-1.9.3-p448/lib/ruby/site_ruby/1.9.1
  25. /Users/ddoc/.rvm/rubies/ruby-1.9.3-p448/lib/ruby/site_ruby/1.9.1/x86_64-darwin12.5.0
  26. /Users/ddoc/.rvm/rubies/ruby-1.9.3-p448/lib/ruby/site_ruby
  27. /Users/ddoc/.rvm/rubies/ruby-1.9.3-p448/lib/ruby/vendor_ruby/1.9.1
  28. /Users/ddoc/.rvm/rubies/ruby-1.9.3-p448/lib/ruby/vendor_ruby/1.9.1/x86_64-darwin12.5.0
  29. /Users/ddoc/.rvm/rubies/ruby-1.9.3-p448/lib/ruby/vendor_ruby
  30. /Users/ddoc/.rvm/rubies/ruby-1.9.3-p448/lib/ruby/1.9.1
  31. /Users/ddoc/.rvm/rubies/ruby-1.9.3-p448/lib/ruby/1.9.1/x86_64-darwin12.5.0
